This file contains any messages produced by compilers while
running configure, to aid debugging if configure makes a mistake.

It was created by openflow configure 0.8.9~2, which was
generated by GNU Autoconf 2.69.  Invocation command line was

  $ ./configure PKG_CONFIG_PATH=:/usr/local/lib64/pkgconfig:/usr/local/lib64/pkgconfig --no-create --no-recursion

## --------- ##
## Platform. ##
## --------- ##

hostname = Shih-HaoLaptop
uname -m = x86_64
uname -r = 5.9.14-100.fc32.x86_64
uname -s = Linux
uname -v = #1 SMP Fri Dec 11 14:30:38 UTC 2020

/usr/bin/uname -p = x86_64
/bin/uname -X     = unknown

/bin/arch              = x86_64
/usr/bin/arch -k       = unknown
/usr/convex/getsysinfo = unknown
/usr/bin/hostinfo      = unknown
/bin/machine           = unknown
/usr/bin/oslevel       = unknown
/bin/universe          = unknown

PATH: /home/shtseng/.local/bin
PATH: /home/shtseng/bin
PATH: /home/shtseng/.local/bin
PATH: /home/shtseng/bin
PATH: /usr/lib64/qt-3.3/bin
PATH: /usr/share/Modules/bin
PATH: /usr/local/cuda-10.0/bin
PATH: /usr/local/bin
PATH: /usr/local/sbin
PATH: /usr/bin
PATH: /usr/sbin


## ----------- ##
## Core tests. ##
## ----------- ##

configure:2220: checking build number
configure:2236: result: none
configure:2298: checking for a BSD-compatible install
configure:2366: result: /usr/bin/install -c
configure:2377: checking whether build environment is sane
configure:2427: result: yes
configure:2568: checking for a thread-safe mkdir -p
configure:2607: result: /usr/bin/mkdir -p
configure:2620: checking for gawk
configure:2636: found /usr/bin/gawk
configure:2647: result: gawk
configure:2658: checking whether make sets $(MAKE)
configure:2680: result: yes
configure:2809: checking for gcc
configure:2825: found /usr/bin/gcc
configure:2836: result: gcc
configure:3065: checking for C compiler version
configure:3074: gcc --version >&5
gcc (GCC) 10.2.1 20201125 (Red Hat 10.2.1-9)
Copyright (C) 2020 Free Software Foundation, Inc.
This is free software; see the source for copying conditions.  There is NO
warranty; not even for MERCHANTABILITY or FITNESS FOR A PARTICULAR PURPOSE.

configure:3085: $? = 0
configure:3074: gcc -v >&5
Using built-in specs.
COLLECT_GCC=gcc
COLLECT_LTO_WRAPPER=/usr/libexec/gcc/x86_64-redhat-linux/10/lto-wrapper
OFFLOAD_TARGET_NAMES=nvptx-none
OFFLOAD_TARGET_DEFAULT=1
Target: x86_64-redhat-linux
Configured with: ../configure --enable-bootstrap --enable-languages=c,c++,fortran,objc,obj-c++,ada,go,d,lto --prefix=/usr --mandir=/usr/share/man --infodir=/usr/share/info --with-bugurl=http://bugzilla.redhat.com/bugzilla --enable-shared --enable-threads=posix --enable-checking=release --enable-multilib --with-system-zlib --enable-__cxa_atexit --disable-libunwind-exceptions --enable-gnu-unique-object --enable-linker-build-id --with-gcc-major-version-only --with-linker-hash-style=gnu --enable-plugin --enable-initfini-array --with-isl --enable-offload-targets=nvptx-none --without-cuda-driver --enable-gnu-indirect-function --enable-cet --with-tune=generic --with-arch_32=i686 --build=x86_64-redhat-linux
Thread model: posix
Supported LTO compression algorithms: zlib zstd
gcc version 10.2.1 20201125 (Red Hat 10.2.1-9) (GCC) 
... rest of stderr output deleted ...
configure:3085: $? = 0
configure:3074: gcc -V >&5
gcc: error: unrecognized command-line option '-V'
gcc: fatal error: no input files
compilation terminated.
configure:3085: $? = 1
configure:3074: gcc -qversion >&5
gcc: error: unrecognized command-line option '-qversion'; did you mean '--version'?
gcc: fatal error: no input files
compilation terminated.
configure:3085: $? = 1
configure:3105: checking whether the C compiler works
configure:3127: gcc    conftest.c  >&5
configure:3131: $? = 0
configure:3179: result: yes
configure:3182: checking for C compiler default output file name
configure:3184: result: a.out
configure:3190: checking for suffix of executables
configure:3197: gcc -o conftest    conftest.c  >&5
configure:3201: $? = 0
configure:3223: result: 
configure:3245: checking whether we are cross compiling
configure:3253: gcc -o conftest    conftest.c  >&5
configure:3257: $? = 0
configure:3264: ./conftest
configure:3268: $? = 0
configure:3256: result: no
configure:3261: checking for suffix of object files
configure:3283: gcc -c   conftest.c >&5
configure:3287: $? = 0
configure:3308: result: o
configure:3312: checking whether we are using the GNU C compiler
configure:3331: gcc -c   conftest.c >&5
configure:3331: $? = 0
configure:3340: result: yes
configure:3349: checking whether gcc accepts -g
configure:3369: gcc -c -g  conftest.c >&5
configure:3369: $? = 0
configure:3410: result: yes
configure:3427: checking for gcc option to accept ISO C89
configure:3490: gcc  -c -g -O2  conftest.c >&5
configure:3490: $? = 0
configure:3503: result: none needed
configure:3534: checking for style of include used by make
configure:3562: result: GNU
configure:3587: checking dependency style of gcc
configure:3697: result: gcc3
configure:3713: checking whether gcc and cc understand -c and -o together
configure:3744: gcc -c conftest.c -o conftest2.o >&5
configure:3748: $? = 0
configure:3754: gcc -c conftest.c -o conftest2.o >&5
configure:3758: $? = 0
configure:3769: cc -c conftest.c >&5
configure:3773: $? = 0
configure:3781: cc -c conftest.c -o conftest2.o >&5
configure:3785: $? = 0
configure:3791: cc -c conftest.c -o conftest2.o >&5
configure:3795: $? = 0
configure:3813: result: yes
configure:3843: checking how to run the C preprocessor
configure:3874: gcc -E  conftest.c
configure:3874: $? = 0
configure:3888: gcc -E  conftest.c
conftest.c:12:10: fatal error: ac_nonexistent.h: No such file or directory
   12 | #include <ac_nonexistent.h>
      |          ^~~~~~~~~~~~~~~~~~
compilation terminated.
configure:3888: $? = 1
configure: failed program was:
| /* confdefs.h */
| #define PACKAGE_NAME "openflow"
| #define PACKAGE_TARNAME "openflow"
| #define PACKAGE_VERSION "0.8.9~2"
| #define PACKAGE_STRING "openflow 0.8.9~2"
| #define PACKAGE_BUGREPORT "info@openflowswitch.org"
| #define PACKAGE_URL ""
| #define BUILDNR ""
| #define PACKAGE "openflow"
| #define VERSION "0.8.9~2"
| /* end confdefs.h.  */
| #include <ac_nonexistent.h>
configure:3913: result: gcc -E
configure:3933: gcc -E  conftest.c
configure:3933: $? = 0
configure:3947: gcc -E  conftest.c
conftest.c:12:10: fatal error: ac_nonexistent.h: No such file or directory
   12 | #include <ac_nonexistent.h>
      |          ^~~~~~~~~~~~~~~~~~
compilation terminated.
configure:3947: $? = 1
configure: failed program was:
| /* confdefs.h */
| #define PACKAGE_NAME "openflow"
| #define PACKAGE_TARNAME "openflow"
| #define PACKAGE_VERSION "0.8.9~2"
| #define PACKAGE_STRING "openflow 0.8.9~2"
| #define PACKAGE_BUGREPORT "info@openflowswitch.org"
| #define PACKAGE_URL ""
| #define BUILDNR ""
| #define PACKAGE "openflow"
| #define VERSION "0.8.9~2"
| /* end confdefs.h.  */
| #include <ac_nonexistent.h>
configure:4018: checking for ranlib
configure:4034: found /usr/bin/ranlib
configure:4045: result: ranlib
configure:4072: checking for perl
configure:4090: found /usr/bin/perl
configure:4103: result: /usr/bin/perl
configure:4117: checking for grep that handles long lines and -e
configure:4175: result: /usr/bin/grep
configure:4180: checking for egrep
configure:4242: result: /usr/bin/grep -E
configure:4247: checking for ANSI C header files
configure:4267: gcc -c -g -O2  conftest.c >&5
configure:4267: $? = 0
configure:4340: gcc -o conftest -g -O2   conftest.c  >&5
configure:4340: $? = 0
configure:4340: ./conftest
configure:4340: $? = 0
configure:4351: result: yes
configure:4364: checking for sys/types.h
configure:4364: gcc -c -g -O2  conftest.c >&5
configure:4364: $? = 0
configure:4364: result: yes
configure:4364: checking for sys/stat.h
configure:4364: gcc -c -g -O2  conftest.c >&5
configure:4364: $? = 0
configure:4364: result: yes
configure:4364: checking for stdlib.h
configure:4364: gcc -c -g -O2  conftest.c >&5
configure:4364: $? = 0
configure:4364: result: yes
configure:4364: checking for string.h
configure:4364: gcc -c -g -O2  conftest.c >&5
configure:4364: $? = 0
configure:4364: result: yes
configure:4364: checking for memory.h
configure:4364: gcc -c -g -O2  conftest.c >&5
configure:4364: $? = 0
configure:4364: result: yes
configure:4364: checking for strings.h
configure:4364: gcc -c -g -O2  conftest.c >&5
configure:4364: $? = 0
configure:4364: result: yes
configure:4364: checking for inttypes.h
configure:4364: gcc -c -g -O2  conftest.c >&5
configure:4364: $? = 0
configure:4364: result: yes
configure:4364: checking for stdint.h
configure:4364: gcc -c -g -O2  conftest.c >&5
configure:4364: $? = 0
configure:4364: result: yes
configure:4364: checking for unistd.h
configure:4364: gcc -c -g -O2  conftest.c >&5
configure:4364: $? = 0
configure:4364: result: yes
configure:4377: checking minix/config.h usability
configure:4377: gcc -c -g -O2  conftest.c >&5
conftest.c:55:10: fatal error: minix/config.h: No such file or directory
   55 | #include <minix/config.h>
      |          ^~~~~~~~~~~~~~~~
compilation terminated.
configure:4377: $? = 1
configure: failed program was:
| /* confdefs.h */
| #define PACKAGE_NAME "openflow"
| #define PACKAGE_TARNAME "openflow"
| #define PACKAGE_VERSION "0.8.9~2"
| #define PACKAGE_STRING "openflow 0.8.9~2"
| #define PACKAGE_BUGREPORT "info@openflowswitch.org"
| #define PACKAGE_URL ""
| #define BUILDNR ""
| #define PACKAGE "openflow"
| #define VERSION "0.8.9~2"
| #define STDC_HEADERS 1
| #define HAVE_SYS_TYPES_H 1
| #define HAVE_SYS_STAT_H 1
| #define HAVE_STDLIB_H 1
| #define HAVE_STRING_H 1
| #define HAVE_MEMORY_H 1
| #define HAVE_STRINGS_H 1
| #define HAVE_INTTYPES_H 1
| #define HAVE_STDINT_H 1
| #define HAVE_UNISTD_H 1
| /* end confdefs.h.  */
| #include <stdio.h>
| #ifdef HAVE_SYS_TYPES_H
| # include <sys/types.h>
| #endif
| #ifdef HAVE_SYS_STAT_H
| # include <sys/stat.h>
| #endif
| #ifdef STDC_HEADERS
| # include <stdlib.h>
| # include <stddef.h>
| #else
| # ifdef HAVE_STDLIB_H
| #  include <stdlib.h>
| # endif
| #endif
| #ifdef HAVE_STRING_H
| # if !defined STDC_HEADERS && defined HAVE_MEMORY_H
| #  include <memory.h>
| # endif
| # include <string.h>
| #endif
| #ifdef HAVE_STRINGS_H
| # include <strings.h>
| #endif
| #ifdef HAVE_INTTYPES_H
| # include <inttypes.h>
| #endif
| #ifdef HAVE_STDINT_H
| # include <stdint.h>
| #endif
| #ifdef HAVE_UNISTD_H
| # include <unistd.h>
| #endif
| #include <minix/config.h>
configure:4377: result: no
configure:4377: checking minix/config.h presence
configure:4377: gcc -E  conftest.c
conftest.c:22:10: fatal error: minix/config.h: No such file or directory
   22 | #include <minix/config.h>
      |          ^~~~~~~~~~~~~~~~
compilation terminated.
configure:4377: $? = 1
configure: failed program was:
| /* confdefs.h */
| #define PACKAGE_NAME "openflow"
| #define PACKAGE_TARNAME "openflow"
| #define PACKAGE_VERSION "0.8.9~2"
| #define PACKAGE_STRING "openflow 0.8.9~2"
| #define PACKAGE_BUGREPORT "info@openflowswitch.org"
| #define PACKAGE_URL ""
| #define BUILDNR ""
| #define PACKAGE "openflow"
| #define VERSION "0.8.9~2"
| #define STDC_HEADERS 1
| #define HAVE_SYS_TYPES_H 1
| #define HAVE_SYS_STAT_H 1
| #define HAVE_STDLIB_H 1
| #define HAVE_STRING_H 1
| #define HAVE_MEMORY_H 1
| #define HAVE_STRINGS_H 1
| #define HAVE_INTTYPES_H 1
| #define HAVE_STDINT_H 1
| #define HAVE_UNISTD_H 1
| /* end confdefs.h.  */
| #include <minix/config.h>
configure:4377: result: no
configure:4377: checking for minix/config.h
configure:4377: result: no
configure:4398: checking whether it is safe to define __EXTENSIONS__
configure:4416: gcc -c -g -O2  conftest.c >&5
configure:4416: $? = 0
configure:4423: result: yes
configure:4456: checking for linux/netlink.h
configure:4456: gcc -c -g -O2  conftest.c >&5
configure:4456: $? = 0
configure:4456: result: yes
configure:4533: checking for pkg-config
configure:4551: found /usr/bin/pkg-config
configure:4563: result: /usr/bin/pkg-config
configure:4588: checking pkg-config is at least version 0.9.0
configure:4591: result: yes
configure:4743: checking for dladdr in -ldl
configure:4768: gcc -o conftest -g -O2   conftest.c -ldl   >&5
configure:4768: $? = 0
configure:4777: result: yes
configure:4784: checking for connect in -lsocket
configure:4809: gcc -o conftest -g -O2   conftest.c -lsocket   >&5
/usr/bin/ld: cannot find -lsocket
collect2: error: ld returned 1 exit status
configure:4809: $? = 1
configure: failed program was:
| /* confdefs.h */
| #define PACKAGE_NAME "openflow"
| #define PACKAGE_TARNAME "openflow"
| #define PACKAGE_VERSION "0.8.9~2"
| #define PACKAGE_STRING "openflow 0.8.9~2"
| #define PACKAGE_BUGREPORT "info@openflowswitch.org"
| #define PACKAGE_URL ""
| #define BUILDNR ""
| #define PACKAGE "openflow"
| #define VERSION "0.8.9~2"
| #define STDC_HEADERS 1
| #define HAVE_SYS_TYPES_H 1
| #define HAVE_SYS_STAT_H 1
| #define HAVE_STDLIB_H 1
| #define HAVE_STRING_H 1
| #define HAVE_MEMORY_H 1
| #define HAVE_STRINGS_H 1
| #define HAVE_INTTYPES_H 1
| #define HAVE_STDINT_H 1
| #define HAVE_UNISTD_H 1
| #define __EXTENSIONS__ 1
| #define _ALL_SOURCE 1
| #define _GNU_SOURCE 1
| #define _POSIX_PTHREAD_SEMANTICS 1
| #define _TANDEM_SOURCE 1
| #define HAVE_NETLINK 1
| /* end confdefs.h.  */
| 
| /* Override any GCC internal prototype to avoid an error.
|    Use char because int might match the return type of a GCC
|    builtin and then its argument prototype would still apply.  */
| #ifdef __cplusplus
| extern "C"
| #endif
| char connect ();
| int
| main ()
| {
| return connect ();
|   ;
|   return 0;
| }
configure:4818: result: no
configure:4829: checking for library containing gethostbyname
configure:4860: gcc -o conftest -g -O2   conftest.c  >&5
configure:4860: $? = 0
configure:4877: result: none required
configure:4924: checking for strlcpy
configure:4924: gcc -o conftest -g -O2   conftest.c  >&5
/usr/bin/ld: /tmp/ccoqfF3g.o: in function `main':
/home/shtseng/Research/simulations/2019_NetworkCoding/nc_implementation/open_source/simulator/openflow/conftest.c:62: undefined reference to `strlcpy'
collect2: error: ld returned 1 exit status
configure:4924: $? = 1
configure: failed program was:
| /* confdefs.h */
| #define PACKAGE_NAME "openflow"
| #define PACKAGE_TARNAME "openflow"
| #define PACKAGE_VERSION "0.8.9~2"
| #define PACKAGE_STRING "openflow 0.8.9~2"
| #define PACKAGE_BUGREPORT "info@openflowswitch.org"
| #define PACKAGE_URL ""
| #define BUILDNR ""
| #define PACKAGE "openflow"
| #define VERSION "0.8.9~2"
| #define STDC_HEADERS 1
| #define HAVE_SYS_TYPES_H 1
| #define HAVE_SYS_STAT_H 1
| #define HAVE_STDLIB_H 1
| #define HAVE_STRING_H 1
| #define HAVE_MEMORY_H 1
| #define HAVE_STRINGS_H 1
| #define HAVE_INTTYPES_H 1
| #define HAVE_STDINT_H 1
| #define HAVE_UNISTD_H 1
| #define __EXTENSIONS__ 1
| #define _ALL_SOURCE 1
| #define _GNU_SOURCE 1
| #define _POSIX_PTHREAD_SEMANTICS 1
| #define _TANDEM_SOURCE 1
| #define HAVE_NETLINK 1
| /* end confdefs.h.  */
| /* Define strlcpy to an innocuous variant, in case <limits.h> declares strlcpy.
|    For example, HP-UX 11i <limits.h> declares gettimeofday.  */
| #define strlcpy innocuous_strlcpy
| 
| /* System header to define __stub macros and hopefully few prototypes,
|     which can conflict with char strlcpy (); below.
|     Prefer <limits.h> to <assert.h> if __STDC__ is defined, since
|     <limits.h> exists even on freestanding compilers.  */
| 
| #ifdef __STDC__
| # include <limits.h>
| #else
| # include <assert.h>
| #endif
| 
| #undef strlcpy
| 
| /* Override any GCC internal prototype to avoid an error.
|    Use char because int might match the return type of a GCC
|    builtin and then its argument prototype would still apply.  */
| #ifdef __cplusplus
| extern "C"
| #endif
| char strlcpy ();
| /* The GNU C library defines this for functions which it implements
|     to always fail with ENOSYS.  Some functions are actually named
|     something starting with __ and the normal name is an alias.  */
| #if defined __stub_strlcpy || defined __stub___strlcpy
| choke me
| #endif
| 
| int
| main ()
| {
| return strlcpy ();
|   ;
|   return 0;
| }
configure:4924: result: no
configure:4933: checking net/if_packet.h usability
configure:4933: gcc -c -g -O2  conftest.c >&5
configure:4933: $? = 0
configure:4933: result: yes
configure:4933: checking net/if_packet.h presence
configure:4933: gcc -E  conftest.c
configure:4933: $? = 0
configure:4933: result: yes
configure:4933: checking for net/if_packet.h
configure:4933: result: yes
configure:4981: checking for strsignal
configure:4981: gcc -o conftest -g -O2   conftest.c  >&5
configure:4981: $? = 0
configure:4981: result: yes
configure:5088: checking for dpkg-buildpackage
configure:5116: result: no
configure:5337: creating ./config.status

## ---------------- ##
## Cache variables. ##
## ---------------- ##

ac_cv_c_compiler_gnu=yes
ac_cv_env_CC_set=
ac_cv_env_CC_value=
ac_cv_env_CFLAGS_set=
ac_cv_env_CFLAGS_value=
ac_cv_env_CPPFLAGS_set=
ac_cv_env_CPPFLAGS_value=
ac_cv_env_CPP_set=
ac_cv_env_CPP_value=
ac_cv_env_KARCH_set=
ac_cv_env_KARCH_value=
ac_cv_env_LDFLAGS_set=
ac_cv_env_LDFLAGS_value=
ac_cv_env_LIBS_set=
ac_cv_env_LIBS_value=
ac_cv_env_PERL_set=
ac_cv_env_PERL_value=
ac_cv_env_PKG_CONFIG_LIBDIR_set=
ac_cv_env_PKG_CONFIG_LIBDIR_value=
ac_cv_env_PKG_CONFIG_PATH_set=set
ac_cv_env_PKG_CONFIG_PATH_value=:/usr/local/lib64/pkgconfig:/usr/local/lib64/pkgconfig
ac_cv_env_PKG_CONFIG_set=
ac_cv_env_PKG_CONFIG_value=
ac_cv_env_SSL_CFLAGS_set=
ac_cv_env_SSL_CFLAGS_value=
ac_cv_env_SSL_LIBS_set=
ac_cv_env_SSL_LIBS_value=
ac_cv_env_build_alias_set=
ac_cv_env_build_alias_value=
ac_cv_env_host_alias_set=
ac_cv_env_host_alias_value=
ac_cv_env_target_alias_set=
ac_cv_env_target_alias_value=
ac_cv_func_strlcpy=no
ac_cv_func_strsignal=yes
ac_cv_header_inttypes_h=yes
ac_cv_header_linux_netlink_h=yes
ac_cv_header_memory_h=yes
ac_cv_header_minix_config_h=no
ac_cv_header_net_if_packet_h=yes
ac_cv_header_stdc=yes
ac_cv_header_stdint_h=yes
ac_cv_header_stdlib_h=yes
ac_cv_header_string_h=yes
ac_cv_header_strings_h=yes
ac_cv_header_sys_stat_h=yes
ac_cv_header_sys_types_h=yes
ac_cv_header_unistd_h=yes
ac_cv_lib_dl_dladdr=yes
ac_cv_lib_socket_connect=no
ac_cv_objext=o
ac_cv_path_EGREP='/usr/bin/grep -E'
ac_cv_path_GREP=/usr/bin/grep
ac_cv_path_PERL=/usr/bin/perl
ac_cv_path_ac_pt_PKG_CONFIG=/usr/bin/pkg-config
ac_cv_path_install='/usr/bin/install -c'
ac_cv_path_mkdir=/usr/bin/mkdir
ac_cv_prog_AWK=gawk
ac_cv_prog_CPP='gcc -E'
ac_cv_prog_HAVE_DPKG_BUILDPACKAGE=no
ac_cv_prog_ac_ct_CC=gcc
ac_cv_prog_ac_ct_RANLIB=ranlib
ac_cv_prog_cc_c89=
ac_cv_prog_cc_g=yes
ac_cv_prog_cc_gcc_c_o=yes
ac_cv_prog_make_make_set=yes
ac_cv_safe_to_define___extensions__=yes
ac_cv_search_gethostbyname='none required'
am_cv_CC_dependencies_compiler_type=gcc3

## ----------------- ##
## Output variables. ##
## ----------------- ##

ACLOCAL='${SHELL} /home/shtseng/Research/simulations/2019_NetworkCoding/nc_implementation/open_source/simulator/openflow/build-aux/missing --run aclocal-1.11'
AMDEPBACKSLASH='\'
AMDEP_FALSE='#'
AMDEP_TRUE=''
AMTAR='${SHELL} /home/shtseng/Research/simulations/2019_NetworkCoding/nc_implementation/open_source/simulator/openflow/build-aux/missing --run tar'
AUTOCONF='${SHELL} /home/shtseng/Research/simulations/2019_NetworkCoding/nc_implementation/open_source/simulator/openflow/build-aux/missing --run autoconf'
AUTOHEADER='${SHELL} /home/shtseng/Research/simulations/2019_NetworkCoding/nc_implementation/open_source/simulator/openflow/build-aux/missing --run autoheader'
AUTOMAKE='${SHELL} /home/shtseng/Research/simulations/2019_NetworkCoding/nc_implementation/open_source/simulator/openflow/build-aux/missing --run automake-1.11'
AWK='gawk'
BUILDNR='0'
CC='gcc'
CCDEPMODE='depmode=gcc3'
CFLAGS='-g -O2 -Wall -Wno-sign-compare -Wpointer-arith -Wdeclaration-after-statement'
CPP='gcc -E'
CPPFLAGS=''
CYGPATH_W='echo'
DEFS='-DHAVE_CONFIG_H'
DEPDIR='.deps'
ECHO_C=''
ECHO_N='-n'
ECHO_T=''
EGREP='/usr/bin/grep -E'
EXEEXT=''
FAULT_LIBS='-ldl'
GREP='/usr/bin/grep'
HAVE_DPKG_BUILDPACKAGE='no'
HAVE_DPKG_BUILDPACKAGE_FALSE=''
HAVE_DPKG_BUILDPACKAGE_TRUE='#'
HAVE_EXT_FALSE=''
HAVE_EXT_TRUE='#'
HAVE_IF_PACKET_FALSE='#'
HAVE_IF_PACKET_TRUE=''
HAVE_NETLINK_FALSE='#'
HAVE_NETLINK_TRUE=''
HAVE_OPENSSL_FALSE=''
HAVE_OPENSSL_TRUE='#'
HW_TABLES=''
INSTALL_DATA='${INSTALL} -m 644'
INSTALL_PROGRAM='${INSTALL}'
INSTALL_SCRIPT='${INSTALL}'
INSTALL_STRIP_PROGRAM='$(install_sh) -c -s'
KARCH=''
KSRC24=''
KSRC26=''
L24_ENABLED_FALSE=''
L24_ENABLED_TRUE='#'
L26_ENABLED_FALSE=''
L26_ENABLED_TRUE='#'
LDFLAGS=''
LIBOBJS=''
LIBS=''
LOGDIR='${localstatedir}/log/${PACKAGE}'
LTLIBOBJS=''
MAKEINFO='${SHELL} /home/shtseng/Research/simulations/2019_NetworkCoding/nc_implementation/open_source/simulator/openflow/build-aux/missing --run makeinfo'
MKDIR_P='/usr/bin/mkdir -p'
NDEBUG_FALSE=''
NDEBUG_TRUE='#'
OBJEXT='o'
PACKAGE='openflow'
PACKAGE_BUGREPORT='info@openflowswitch.org'
PACKAGE_NAME='openflow'
PACKAGE_STRING='openflow 0.8.9~2'
PACKAGE_TARNAME='openflow'
PACKAGE_URL=''
PACKAGE_VERSION='0.8.9~2'
PATH_SEPARATOR=':'
PERL='/usr/bin/perl'
PKG_CONFIG='/usr/bin/pkg-config'
PKG_CONFIG_LIBDIR=''
PKG_CONFIG_PATH=':/usr/local/lib64/pkgconfig:/usr/local/lib64/pkgconfig'
PKIDIR='${pkgdatadir}/pki'
RANLIB='ranlib'
RUNDIR='${localstatedir}/run'
SET_MAKE=''
SHELL='/bin/sh'
SSL_CFLAGS=''
SSL_LIBS=''
STRIP=''
SUPPORT_SNAT=''
SUPPORT_SNAT_FALSE=''
SUPPORT_SNAT_TRUE='#'
VERSION='0.8.9~2'
ac_ct_CC='gcc'
am__EXEEXT_FALSE=''
am__EXEEXT_TRUE='#'
am__fastdepCC_FALSE='#'
am__fastdepCC_TRUE=''
am__include='include'
am__isrc=''
am__leading_dot='.'
am__quote=''
am__tar='${AMTAR} chof - "$$tardir"'
am__untar='${AMTAR} xf -'
bindir='${exec_prefix}/bin'
build_alias=''
datadir='${datarootdir}'
datarootdir='${prefix}/share'
docdir='${datarootdir}/doc/${PACKAGE_TARNAME}'
dvidir='${docdir}'
exec_prefix='${prefix}'
host_alias=''
htmldir='${docdir}'
includedir='${prefix}/include'
infodir='${datarootdir}/info'
install_sh='${SHELL} /home/shtseng/Research/simulations/2019_NetworkCoding/nc_implementation/open_source/simulator/openflow/build-aux/install-sh'
libdir='${exec_prefix}/lib'
libexecdir='${exec_prefix}/libexec'
localedir='${datarootdir}/locale'
localstatedir='${prefix}/var'
mandir='${datarootdir}/man'
mkdir_p='/usr/bin/mkdir -p'
oldincludedir='/usr/include'
pdfdir='${docdir}'
prefix='/usr/local'
program_transform_name='s,x,x,'
psdir='${docdir}'
sbindir='${exec_prefix}/sbin'
sharedstatedir='${prefix}/com'
sysconfdir='${prefix}/etc'
target_alias=''

## ----------- ##
## confdefs.h. ##
## ----------- ##

/* confdefs.h */
#define PACKAGE_NAME "openflow"
#define PACKAGE_TARNAME "openflow"
#define PACKAGE_VERSION "0.8.9~2"
#define PACKAGE_STRING "openflow 0.8.9~2"
#define PACKAGE_BUGREPORT "info@openflowswitch.org"
#define PACKAGE_URL ""
#define BUILDNR ""
#define PACKAGE "openflow"
#define VERSION "0.8.9~2"
#define STDC_HEADERS 1
#define HAVE_SYS_TYPES_H 1
#define HAVE_SYS_STAT_H 1
#define HAVE_STDLIB_H 1
#define HAVE_STRING_H 1
#define HAVE_MEMORY_H 1
#define HAVE_STRINGS_H 1
#define HAVE_INTTYPES_H 1
#define HAVE_STDINT_H 1
#define HAVE_UNISTD_H 1
#define __EXTENSIONS__ 1
#define _ALL_SOURCE 1
#define _GNU_SOURCE 1
#define _POSIX_PTHREAD_SEMANTICS 1
#define _TANDEM_SOURCE 1
#define HAVE_NETLINK 1
#define HAVE_IF_PACKET 1
#define HAVE_STRSIGNAL 1

configure: exit 0

## ---------------------- ##
## Running config.status. ##
## ---------------------- ##

This file was extended by openflow config.status 0.8.9~2, which was
generated by GNU Autoconf 2.69.  Invocation command line was

  CONFIG_FILES    = 
  CONFIG_HEADERS  = 
  CONFIG_LINKS    = 
  CONFIG_COMMANDS = 
  $ ./config.status 

on Shih-HaoLaptop

config.status:896: creating Makefile
config.status:896: creating datapath/Makefile
config.status:896: creating datapath/linux-2.6/Kbuild
config.status:896: creating datapath/linux-2.6/Makefile
config.status:896: creating datapath/linux-2.6/Makefile.main
config.status:896: creating datapath/linux-2.4/Kbuild
config.status:896: creating datapath/linux-2.4/Makefile
config.status:896: creating datapath/linux-2.4/Makefile.main
config.status:896: creating config.h
config.status:1077: config.h is unchanged
config.status:1125: executing depfiles commands

## ---------------------- ##
## Running config.status. ##
## ---------------------- ##

This file was extended by openflow config.status 0.8.9~2, which was
generated by GNU Autoconf 2.69.  Invocation command line was

  CONFIG_FILES    = 
  CONFIG_HEADERS  = 
  CONFIG_LINKS    = 
  CONFIG_COMMANDS = 
  $ ./config.status config.h

on Shih-HaoLaptop

config.status:896: creating config.h
config.status:1077: config.h is unchanged
